<?xml version="1.0" encoding="UTF-8"?>
<coverage generated="1717556921554" clover="3.2.0">
  <project timestamp="1717556921554" name="All files">
    <metrics statements="83" coveredstatements="80" conditionals="10" coveredconditionals="8" methods="6" coveredmethods="6" elements="99" coveredelements="94" complexity="0" loc="83" ncloc="83" packages="2" files="3" classes="3"/>
    <package name="domain.use-cases">
      <metrics statements="64" coveredstatements="61" conditionals="7" coveredconditionals="6" methods="4" coveredmethods="4"/>
      <file name="create-table.use-case.ts" path="C:\Users\crist\Escritorio\Files\Develop\Cursos\Node\multiplication\src\domain\use-cases\create-table.use-case.ts">
        <metrics statements="28" coveredstatements="28" conditionals="4" coveredconditionals="4" methods="2" coveredmethods="2"/>
        <line num="1" count="1" type="stmt"/>
        <line num="2" count="1" type="stmt"/>
        <line num="3" count="1" type="stmt"/>
        <line num="4" count="1" type="stmt"/>
        <line num="5" count="1" type="stmt"/>
        <line num="6" count="1" type="stmt"/>
        <line num="7" count="1" type="stmt"/>
        <line num="8" count="1" type="stmt"/>
        <line num="9" count="1" type="stmt"/>
        <line num="10" count="1" type="stmt"/>
        <line num="11" count="1" type="stmt"/>
        <line num="12" count="1" type="cond" truecount="1" falsecount="0"/>
        <line num="13" count="2" type="stmt"/>
        <line num="14" count="2" type="stmt"/>
        <line num="15" count="2" type="stmt"/>
        <line num="16" count="2" type="stmt"/>
        <line num="17" count="1" type="stmt"/>
        <line num="18" count="1" type="cond" truecount="1" falsecount="0"/>
        <line num="19" count="1" type="stmt"/>
        <line num="20" count="1" type="cond" truecount="1" falsecount="0"/>
        <line num="21" count="10" type="stmt"/>
        <line num="22" count="10" type="cond" truecount="1" falsecount="0"/>
        <line num="23" count="10" type="stmt"/>
        <line num="24" count="1" type="stmt"/>
        <line num="25" count="1" type="stmt"/>
        <line num="26" count="1" type="stmt"/>
        <line num="27" count="1" type="stmt"/>
        <line num="28" count="1" type="stmt"/>
      </file>
      <file name="save-file.use-case.ts" path="C:\Users\crist\Escritorio\Files\Develop\Cursos\Node\multiplication\src\domain\use-cases\save-file.use-case.ts">
        <metrics statements="36" coveredstatements="33" conditionals="3" coveredconditionals="2" methods="2" coveredmethods="2"/>
        <line num="1" count="1" type="stmt"/>
        <line num="2" count="1" type="stmt"/>
        <line num="3" count="1" type="stmt"/>
        <line num="4" count="1" type="stmt"/>
        <line num="5" count="1" type="stmt"/>
        <line num="6" count="1" type="stmt"/>
        <line num="7" count="1" type="stmt"/>
        <line num="8" count="1" type="stmt"/>
        <line num="9" count="1" type="stmt"/>
        <line num="10" count="1" type="stmt"/>
        <line num="11" count="1" type="stmt"/>
        <line num="12" count="1" type="stmt"/>
        <line num="13" count="1" type="stmt"/>
        <line num="14" count="1" type="stmt"/>
        <line num="15" count="1" type="cond" truecount="1" falsecount="0"/>
        <line num="16" count="2" type="stmt"/>
        <line num="17" count="2" type="stmt"/>
        <line num="18" count="2" type="stmt"/>
        <line num="19" count="2" type="stmt"/>
        <line num="20" count="1" type="stmt"/>
        <line num="21" count="1" type="cond" truecount="1" falsecount="0"/>
        <line num="22" count="1" type="stmt"/>
        <line num="23" count="1" type="stmt"/>
        <line num="24" count="1" type="stmt"/>
        <line num="25" count="1" type="stmt"/>
        <line num="26" count="1" type="stmt"/>
        <line num="27" count="1" type="stmt"/>
        <line num="28" count="1" type="stmt"/>
        <line num="29" count="1" type="cond" truecount="0" falsecount="1"/>
        <line num="30" count="0" type="stmt"/>
        <line num="31" count="0" type="stmt"/>
        <line num="32" count="0" type="stmt"/>
        <line num="33" count="1" type="stmt"/>
        <line num="34" count="1" type="stmt"/>
        <line num="35" count="1" type="stmt"/>
        <line num="36" count="1" type="stmt"/>
      </file>
    </package>
    <package name="presentation">
      <metrics statements="19" coveredstatements="19" conditionals="3" coveredconditionals="2" methods="2" coveredmethods="2"/>
      <file name="server-app.ts" path="C:\Users\crist\Escritorio\Files\Develop\Cursos\Node\multiplication\src\presentation\server-app.ts">
        <metrics statements="19" coveredstatements="19" conditionals="3" coveredconditionals="2" methods="2" coveredmethods="2"/>
        <line num="1" count="1" type="stmt"/>
        <line num="2" count="1" type="stmt"/>
        <line num="3" count="1" type="stmt"/>
        <line num="4" count="1" type="stmt"/>
        <line num="5" count="1" type="stmt"/>
        <line num="6" count="1" type="cond" truecount="1" falsecount="0"/>
        <line num="7" count="1" type="stmt"/>
        <line num="8" count="1" type="stmt"/>
        <line num="9" count="1" type="stmt"/>
        <line num="10" count="1" type="cond" truecount="1" falsecount="0"/>
        <line num="11" count="2" type="stmt"/>
        <line num="12" count="2" type="stmt"/>
        <line num="13" count="2" type="cond" truecount="0" falsecount="1"/>
        <line num="14" count="2" type="stmt"/>
        <line num="15" count="2" type="stmt"/>
        <line num="16" count="2" type="stmt"/>
        <line num="17" count="2" type="stmt"/>
        <line num="18" count="1" type="stmt"/>
        <line num="19" count="1" type="stmt"/>
      </file>
    </package>
  </project>
</coverage>
